# JRE version: OpenJDK Runtime Environment (7.0_95) (build 1.7.0_95-b00)
# Java VM: OpenJDK 64-Bit Server VM (24.95-b01 mixed mode linux-amd64 compressed oops)
Heap
 def new generation   total 69824K, used 59057K [0x00000000bfc00000, 0x00000000c47c0000, 0x00000000d1b50000)
  eden space 62080K,  95% used [0x00000000bfc00000, 0x00000000c35a0138, 0x00000000c38a0000)
  from space 7744K,   0% used [0x00000000c4030000, 0x00000000c403c6b0, 0x00000000c47c0000)
  to   space 7744K,   0% used [0x00000000c38a0000, 0x00000000c38a0000, 0x00000000c4030000)
 tenured generation   total 154960K, used 85746K [0x00000000d1b50000, 0x00000000db2a4000, 0x00000000f5a00000)
   the space 154960K,  55% used [0x00000000d1b50000, 0x00000000d6f0c958, 0x00000000d6f0ca00, 0x00000000db2a4000)
 compacting perm gen  total 39296K, used 39010K [0x00000000f5a00000, 0x00000000f8060000, 0x0000000100000000)
   the space 39296K,  99% used [0x00000000f5a00000, 0x00000000f8018ab8, 0x00000000f8018c00, 0x00000000f8060000)
GC Heap History (10 events):
Event: 36401.919 GC heap before
{Heap before GC invocations=45 (full 4):
 def new generation   total 69824K, used 67399K [0x00000000bfc00000, 0x00000000c47c0000, 0x00000000d1b50000)
  eden space 62080K, 100% used [0x00000000bfc00000, 0x00000000c38a0000, 0x00000000c38a0000)
  from space 7744K,  68% used [0x00000000c38a0000, 0x00000000c3dd1c50, 0x00000000c4030000)
  to   space 7744K,   0% used [0x00000000c4030000, 0x00000000c4030000, 0x00000000c47c0000)
 tenured generation   total 154960K, used 74630K [0x00000000d1b50000, 0x00000000db2a4000, 0x00000000f5a00000)
   the space 154960K,  48% used [0x00000000d1b50000, 0x00000000d6431818, 0x00000000d6431a00, 0x00000000db2a4000)
 compacting perm gen  total 38976K, used 38916K [0x00000000f5a00000, 0x00000000f8010000, 0x0000000100000000)
   the space 38976K,  99% used [0x00000000f5a00000, 0x00000000f80013b0, 0x00000000f8001400, 0x00000000f8010000)
No shared spaces configured.
Event: 36401.925 GC heap after
Heap after GC invocations=46 (full 4):
 def new generation   total 69824K, used 7744K [0x00000000bfc00000, 0x00000000c47c0000, 0x00000000d1b50000)
  eden space 62080K,   0% used [0x00000000bfc00000, 0x00000000bfc00000, 0x00000000c38a0000)
  from space 7744K, 100% used [0x00000000c4030000, 0x00000000c47c0000, 0x00000000c47c0000)
  to   space 7744K,   0% used [0x00000000c38a0000, 0x00000000c38a0000, 0x00000000c4030000)
 tenured generation   total 154960K, used 76140K [0x00000000d1b50000, 0x00000000db2a4000, 0x00000000f5a00000)
   the space 154960K,  49% used [0x00000000d1b50000, 0x00000000d65ab148, 0x00000000d65ab200, 0x00000000db2a4000)
 compacting perm gen  total 38976K, used 38916K [0x00000000f5a00000, 0x00000000f8010000, 0x0000000100000000)
   the space 38976K,  99% used [0x00000000f5a00000, 0x00000000f80013b0, 0x00000000f8001400, 0x00000000f8010000)
No shared spaces configured.
}
Event: 36414.593 GC heap before
{Heap before GC invocations=46 (full 4):
 def new generation   total 69824K, used 69824K [0x00000000bfc00000, 0x00000000c47c0000, 0x00000000d1b50000)
  eden space 62080K, 100% used [0x00000000bfc00000, 0x00000000c38a0000, 0x00000000c38a0000)
  from space 7744K, 100% used [0x00000000c4030000, 0x00000000c47c0000, 0x00000000c47c0000)
  to   space 7744K,   0% used [0x00000000c38a0000, 0x00000000c38a0000, 0x00000000c4030000)
 tenured generation   total 154960K, used 76140K [0x00000000d1b50000, 0x00000000db2a4000, 0x00000000f5a00000)
   the space 154960K,  49% used [0x00000000d1b50000, 0x00000000d65ab148, 0x00000000d65ab200, 0x00000000db2a4000)
 compacting perm gen  total 38976K, used 38931K [0x00000000f5a00000, 0x00000000f8010000, 0x0000000100000000)
   the space 38976K,  99% used [0x00000000f5a00000, 0x00000000f8004ee8, 0x00000000f8005000, 0x00000000f8010000)
No shared spaces configured.
Event: 36414.605 GC heap after
Heap after GC invocations=47 (full 4):
 def new generation   total 69824K, used 6393K [0x00000000bfc00000, 0x00000000c47c0000, 0x00000000d1b50000)
  eden space 62080K,   0% used [0x00000000bfc00000, 0x00000000bfc00000, 0x00000000c38a0000)
  from space 7744K,  82% used [0x00000000c38a0000, 0x00000000c3ede590, 0x00000000c4030000)
  to   space 7744K,   0% used [0x00000000c4030000, 0x00000000c4030000, 0x00000000c47c0000)
 tenured generation   total 154960K, used 80941K [0x00000000d1b50000, 0x00000000db2a4000, 0x00000000f5a00000)
   the space 154960K,  52% used [0x00000000d1b50000, 0x00000000d6a5b508, 0x00000000d6a5b600, 0x00000000db2a4000)
 compacting perm gen  total 38976K, used 38931K [0x00000000f5a00000, 0x00000000f8010000, 0x0000000100000000)
   the space 38976K,  99% used [0x00000000f5a00000, 0x00000000f8004ee8, 0x00000000f8005000, 0x00000000f8010000)
No shared spaces configured.
}
Event: 36436.622 GC heap before
{Heap before GC invocations=47 (full 4):
 def new generation   total 69824K, used 68473K [0x00000000bfc00000, 0x00000000c47c0000, 0x00000000d1b50000)
  eden space 62080K, 100% used [0x00000000bfc00000, 0x00000000c38a0000, 0x00000000c38a0000)
  from space 7744K,  82% used [0x00000000c38a0000, 0x00000000c3ede590, 0x00000000c4030000)
  to   space 7744K,   0% used [0x00000000c4030000, 0x00000000c4030000, 0x00000000c47c0000)
 tenured generation   total 154960K, used 80941K [0x00000000d1b50000, 0x00000000db2a4000, 0x00000000f5a00000)
   the space 154960K,  52% used [0x00000000d1b50000, 0x00000000d6a5b508, 0x00000000d6a5b600, 0x00000000db2a4000)
 compacting perm gen  total 38976K, used 38974K [0x00000000f5a00000, 0x00000000f8010000, 0x0000000100000000)
   the space 38976K,  99% used [0x00000000f5a00000, 0x00000000f800f870, 0x00000000f800fa00, 0x00000000f8010000)
No shared spaces configured.
Event: 36436.631 GC heap after
Heap after GC invocations=48 (full 4):
 def new generation   total 69824K, used 6180K [0x00000000bfc00000, 0x00000000c47c0000, 0x00000000d1b50000)
  eden space 62080K,   0% used [0x00000000bfc00000, 0x00000000bfc00000, 0x00000000c38a0000)
  from space 7744K,  79% used [0x00000000c4030000, 0x00000000c4639270, 0x00000000c47c0000)
  to   space 7744K,   0% used [0x00000000c38a0000, 0x00000000c38a0000, 0x00000000c4030000)
 tenured generation   total 154960K, used 85702K [0x00000000d1b50000, 0x00000000db2a4000, 0x00000000f5a00000)
   the space 154960K,  55% used [0x00000000d1b50000, 0x00000000d6f01b58, 0x00000000d6f01c00, 0x00000000db2a4000)
 compacting perm gen  total 38976K, used 38974K [0x00000000f5a00000, 0x00000000f8010000, 0x0000000100000000)
   the space 38976K,  99% used [0x00000000f5a00000, 0x00000000f800f870, 0x00000000f800fa00, 0x00000000f8010000)
No shared spaces configured.
}
Event: 36495.235 GC heap before
{Heap before GC invocations=48 (full 4):
 def new generation   total 69824K, used 68260K [0x00000000bfc00000, 0x00000000c47c0000, 0x00000000d1b50000)
  eden space 62080K, 100% used [0x00000000bfc00000, 0x00000000c38a0000, 0x00000000c38a0000)
  from space 7744K,  79% used [0x00000000c4030000, 0x00000000c4639270, 0x00000000c47c0000)
  to   space 7744K,   0% used [0x00000000c38a0000, 0x00000000c38a0000, 0x00000000c4030000)
 tenured generation   total 154960K, used 85702K [0x00000000d1b50000, 0x00000000db2a4000, 0x00000000f5a00000)
   the space 154960K,  55% used [0x00000000d1b50000, 0x00000000d6f01b58, 0x00000000d6f01c00, 0x00000000db2a4000)
 compacting perm gen  total 39296K, used 39010K [0x00000000f5a00000, 0x00000000f8060000, 0x0000000100000000)
   the space 39296K,  99% used [0x00000000f5a00000, 0x00000000f80188b8, 0x00000000f8018a00, 0x00000000f8060000)
No shared spaces configured.
Event: 36495.238 GC heap after
Heap after GC invocations=49 (full 4):
 def new generation   total 69824K, used 204K [0x00000000bfc00000, 0x00000000c47c0000, 0x00000000d1b50000)
  eden space 62080K,   0% used [0x00000000bfc00000, 0x00000000bfc00000, 0x00000000c38a0000)
  from space 7744K,   2% used [0x00000000c38a0000, 0x00000000c38d3070, 0x00000000c4030000)
  to   space 7744K,   0% used [0x00000000c4030000, 0x00000000c4030000, 0x00000000c47c0000)
 tenured generation   total 154960K, used 85746K [0x00000000d1b50000, 0x00000000db2a4000, 0x00000000f5a00000)
   the space 154960K,  55% used [0x00000000d1b50000, 0x00000000d6f0c958, 0x00000000d6f0ca00, 0x00000000db2a4000)
 compacting perm gen  total 39296K, used 39010K [0x00000000f5a00000, 0x00000000f8060000, 0x0000000100000000)
   the space 39296K,  99% used [0x00000000f5a00000, 0x00000000f80188b8, 0x00000000f8018a00, 0x00000000f8060000)
No shared spaces configured.
}
Event: 36805.767 GC heap before
{Heap before GC invocations=49 (full 4):
 def new generation   total 69824K, used 62284K [0x00000000bfc00000, 0x00000000c47c0000, 0x00000000d1b50000)
  eden space 62080K, 100% used [0x00000000bfc00000, 0x00000000c38a0000, 0x00000000c38a0000)
  from space 7744K,   2% used [0x00000000c38a0000, 0x00000000c38d3070, 0x00000000c4030000)
  to   space 7744K,   0% used [0x00000000c4030000, 0x00000000c4030000, 0x00000000c47c0000)
 tenured generation   total 154960K, used 85746K [0x00000000d1b50000, 0x00000000db2a4000, 0x00000000f5a00000)
   the space 154960K,  55% used [0x00000000d1b50000, 0x00000000d6f0c958, 0x00000000d6f0ca00, 0x00000000db2a4000)
 compacting perm gen  total 39296K, used 39010K [0x00000000f5a00000, 0x00000000f8060000, 0x0000000100000000)
   the space 39296K,  99% used [0x00000000f5a00000, 0x00000000f8018a98, 0x00000000f8018c00, 0x00000000f8060000)
No shared spaces configured.
Event: 36805.768 GC heap after
Heap after GC invocations=50 (full 4):
 def new generation   total 69824K, used 49K [0x00000000bfc00000, 0x00000000c47c0000, 0x00000000d1b50000)
  eden space 62080K,   0% used [0x00000000bfc00000, 0x00000000bfc00000, 0x00000000c38a0000)
  from space 7744K,   0% used [0x00000000c4030000, 0x00000000c403c6b0, 0x00000000c47c0000)
  to   space 7744K,   0% used [0x00000000c38a0000, 0x00000000c38a0000, 0x00000000c4030000)
 tenured generation   total 154960K, used 85746K [0x00000000d1b50000, 0x00000000db2a4000, 0x00000000f5a00000)
   the space 154960K,  55% used [0x00000000d1b50000, 0x00000000d6f0c958, 0x00000000d6f0ca00, 0x00000000db2a4000)
 compacting perm gen  total 39296K, used 39010K [0x00000000f5a00000, 0x00000000f8060000, 0x0000000100000000)
   the space 39296K,  99% used [0x00000000f5a00000, 0x00000000f8018a98, 0x00000000f8018c00, 0x00000000f8060000)
No shared spaces configured.
}

